0 info it worked if it ends with ok
1 verbose cli [ 'C:\\Program Files (x86)\\nodejs\\node.exe',
1 verbose cli   'C:\\Program Files\\nodejs\\node_modules\\npm\\bin\\npm-cli.js',
1 verbose cli   'install',
1 verbose cli   'cap',
1 verbose cli   '--save' ]
2 info using npm@3.10.10
3 info using node@v6.11.4
4 silly loadCurrentTree Starting
5 silly install loadCurrentTree
6 silly install readLocalPackageData
7 silly fetchPackageMetaData cap
8 silly fetchNamedPackageData cap
9 silly mapToRegistry name cap
10 silly mapToRegistry using default registry
11 silly mapToRegistry registry https://registry.npmjs.org/
12 silly mapToRegistry data Result {
12 silly mapToRegistry   raw: 'cap',
12 silly mapToRegistry   scope: null,
12 silly mapToRegistry   escapedName: 'cap',
12 silly mapToRegistry   name: 'cap',
12 silly mapToRegistry   rawSpec: '',
12 silly mapToRegistry   spec: 'latest',
12 silly mapToRegistry   type: 'tag' }
13 silly mapToRegistry uri https://registry.npmjs.org/cap
14 verbose request uri https://registry.npmjs.org/cap
15 verbose request no auth needed
16 info attempt registry request try #1 at 20:15:37
17 verbose request id d6f5f29813a86045
18 verbose etag "57f6976d-7032"
19 verbose lastModified Thu, 6 Oct 2016 18:26:53 GMT
20 http request GET https://registry.npmjs.org/cap
21 http 304 https://registry.npmjs.org/cap
22 verbose headers { date: 'Tue, 19 Dec 2017 12:15:38 GMT',
22 verbose headers   via: '1.1 varnish',
22 verbose headers   'cache-control': 'max-age=300',
22 verbose headers   etag: '"57f6976d-7032"',
22 verbose headers   age: '187',
22 verbose headers   connection: 'keep-alive',
22 verbose headers   'x-served-by': 'cache-hnd18722-HND',
22 verbose headers   'x-cache': 'HIT',
22 verbose headers   'x-cache-hits': '1',
22 verbose headers   'x-timer': 'S1513685738.255824,VS0,VE0',
22 verbose headers   vary: 'Accept-Encoding, Accept' }
23 silly get cb [ 304,
23 silly get   { date: 'Tue, 19 Dec 2017 12:15:38 GMT',
23 silly get     via: '1.1 varnish',
23 silly get     'cache-control': 'max-age=300',
23 silly get     etag: '"57f6976d-7032"',
23 silly get     age: '187',
23 silly get     connection: 'keep-alive',
23 silly get     'x-served-by': 'cache-hnd18722-HND',
23 silly get     'x-cache': 'HIT',
23 silly get     'x-cache-hits': '1',
23 silly get     'x-timer': 'S1513685738.255824,VS0,VE0',
23 silly get     vary: 'Accept-Encoding, Accept' } ]
24 verbose etag https://registry.npmjs.org/cap from cache
25 verbose get saving cap to C:\Users\Administrator\AppData\Roaming\npm-cache\registry.npmjs.org\cap\.cache.json
26 verbose correctMkdir C:\Users\Administrator\AppData\Roaming\npm-cache correctMkdir not in flight; initializing
27 silly install normalizeTree
28 silly loadCurrentTree Finishing
29 silly loadIdealTree Starting
30 silly install loadIdealTree
31 silly cloneCurrentTree Starting
32 silly install cloneCurrentTreeToIdealTree
33 silly cloneCurrentTree Finishing
34 silly loadShrinkwrap Starting
35 silly install loadShrinkwrap
36 silly loadShrinkwrap Finishing
37 silly loadAllDepsIntoIdealTree Starting
38 silly install loadAllDepsIntoIdealTree
39 silly resolveWithNewModule cap@0.1.2 checking installable status
40 silly cache add args [ 'cap', null ]
41 verbose cache add spec cap
42 silly cache add parsed spec Result {
42 silly cache add   raw: 'cap',
42 silly cache add   scope: null,
42 silly cache add   escapedName: 'cap',
42 silly cache add   name: 'cap',
42 silly cache add   rawSpec: '',
42 silly cache add   spec: 'latest',
42 silly cache add   type: 'tag' }
43 silly addNamed cap@latest
44 verbose addNamed "latest" is being treated as a dist-tag for cap
45 info addNameTag [ 'cap', 'latest' ]
46 silly mapToRegistry name cap
47 silly mapToRegistry using default registry
48 silly mapToRegistry registry https://registry.npmjs.org/
49 silly mapToRegistry data Result {
49 silly mapToRegistry   raw: 'cap',
49 silly mapToRegistry   scope: null,
49 silly mapToRegistry   escapedName: 'cap',
49 silly mapToRegistry   name: 'cap',
49 silly mapToRegistry   rawSpec: '',
49 silly mapToRegistry   spec: 'latest',
49 silly mapToRegistry   type: 'tag' }
50 silly mapToRegistry uri https://registry.npmjs.org/cap
51 verbose addNameTag registry:https://registry.npmjs.org/cap not in flight; fetching
52 verbose get https://registry.npmjs.org/cap not expired, no request
53 silly addNameTag next cb for cap with tag latest
54 silly addNamed cap@0.1.2
55 verbose addNamed "0.1.2" is a plain semver version for cap
56 silly cache afterAdd cap@0.1.2
57 verbose afterAdd C:\Users\Administrator\AppData\Roaming\npm-cache\cap\0.1.2\package\package.json not in flight; writing
58 verbose correctMkdir C:\Users\Administrator\AppData\Roaming\npm-cache correctMkdir not in flight; initializing
59 verbose afterAdd C:\Users\Administrator\AppData\Roaming\npm-cache\cap\0.1.2\package\package.json written
60 silly fetchNamedPackageData 7zip-bin-linux
61 silly mapToRegistry name 7zip-bin-linux
62 silly mapToRegistry using default registry
63 silly mapToRegistry registry https://registry.npmjs.org/
64 silly mapToRegistry data Result {
64 silly mapToRegistry   raw: '7zip-bin-linux',
64 silly mapToRegistry   scope: null,
64 silly mapToRegistry   escapedName: '7zip-bin-linux',
64 silly mapToRegistry   name: '7zip-bin-linux',
64 silly mapToRegistry   rawSpec: '',
64 silly mapToRegistry   spec: 'latest',
64 silly mapToRegistry   type: 'tag' }
65 silly mapToRegistry uri https://registry.npmjs.org/7zip-bin-linux
66 silly fetchNamedPackageData 7zip-bin-mac
67 silly mapToRegistry name 7zip-bin-mac
68 silly mapToRegistry using default registry
69 silly mapToRegistry registry https://registry.npmjs.org/
70 silly mapToRegistry data Result {
70 silly mapToRegistry   raw: '7zip-bin-mac',
70 silly mapToRegistry   scope: null,
70 silly mapToRegistry   escapedName: '7zip-bin-mac',
70 silly mapToRegistry   name: '7zip-bin-mac',
70 silly mapToRegistry   rawSpec: '',
70 silly mapToRegistry   spec: 'latest',
70 silly mapToRegistry   type: 'tag' }
71 silly mapToRegistry uri https://registry.npmjs.org/7zip-bin-mac
72 verbose request uri https://registry.npmjs.org/7zip-bin-mac
73 verbose request no auth needed
74 info attempt registry request try #1 at 20:15:40
75 verbose etag "580072ba-615"
76 verbose lastModified Fri, 14 Oct 2016 5:52:58 GMT
77 http request GET https://registry.npmjs.org/7zip-bin-mac
78 verbose request uri https://registry.npmjs.org/7zip-bin-linux
79 verbose request no auth needed
80 info attempt registry request try #1 at 20:15:40
81 verbose etag "5a24370b-205e"
82 verbose lastModified Sun, 3 Dec 2017 17:40:27 GMT
83 http request GET https://registry.npmjs.org/7zip-bin-linux
84 http 304 https://registry.npmjs.org/7zip-bin-mac
85 verbose headers { date: 'Tue, 19 Dec 2017 12:15:39 GMT',
85 verbose headers   via: '1.1 varnish',
85 verbose headers   'cache-control': 'max-age=300',
85 verbose headers   etag: '"580072ba-615"',
85 verbose headers   age: '10304',
85 verbose headers   connection: 'keep-alive',
85 verbose headers   'x-served-by': 'cache-hnd18722-HND',
85 verbose headers   'x-cache': 'HIT',
85 verbose headers   'x-cache-hits': '1',
85 verbose headers   'x-timer': 'S1513685740.752391,VS0,VE0',
85 verbose headers   vary: 'Accept-Encoding, Accept' }
86 silly get cb [ 304,
86 silly get   { date: 'Tue, 19 Dec 2017 12:15:39 GMT',
86 silly get     via: '1.1 varnish',
86 silly get     'cache-control': 'max-age=300',
86 silly get     etag: '"580072ba-615"',
86 silly get     age: '10304',
86 silly get     connection: 'keep-alive',
86 silly get     'x-served-by': 'cache-hnd18722-HND',
86 silly get     'x-cache': 'HIT',
86 silly get     'x-cache-hits': '1',
86 silly get     'x-timer': 'S1513685740.752391,VS0,VE0',
86 silly get     vary: 'Accept-Encoding, Accept' } ]
87 verbose etag https://registry.npmjs.org/7zip-bin-mac from cache
88 verbose get saving 7zip-bin-mac to C:\Users\Administrator\AppData\Roaming\npm-cache\registry.npmjs.org\7zip-bin-mac\.cache.json
89 verbose correctMkdir C:\Users\Administrator\AppData\Roaming\npm-cache correctMkdir not in flight; initializing
90 silly resolveWithNewModule 7zip-bin-mac@1.0.1 checking installable status
91 http 304 https://registry.npmjs.org/7zip-bin-linux
92 verbose headers { date: 'Tue, 19 Dec 2017 12:15:40 GMT',
92 verbose headers   via: '1.1 varnish',
92 verbose headers   'cache-control': 'max-age=300',
92 verbose headers   etag: '"5a24370b-205e"',
92 verbose headers   age: '7411',
92 verbose headers   connection: 'keep-alive',
92 verbose headers   'x-served-by': 'cache-hnd18749-HND',
92 verbose headers   'x-cache': 'HIT',
92 verbose headers   'x-cache-hits': '2',
92 verbose headers   'x-timer': 'S1513685741.523946,VS0,VE0',
92 verbose headers   vary: 'Accept-Encoding, Accept' }
93 silly get cb [ 304,
93 silly get   { date: 'Tue, 19 Dec 2017 12:15:40 GMT',
93 silly get     via: '1.1 varnish',
93 silly get     'cache-control': 'max-age=300',
93 silly get     etag: '"5a24370b-205e"',
93 silly get     age: '7411',
93 silly get     connection: 'keep-alive',
93 silly get     'x-served-by': 'cache-hnd18749-HND',
93 silly get     'x-cache': 'HIT',
93 silly get     'x-cache-hits': '2',
93 silly get     'x-timer': 'S1513685741.523946,VS0,VE0',
93 silly get     vary: 'Accept-Encoding, Accept' } ]
94 verbose etag https://registry.npmjs.org/7zip-bin-linux from cache
95 verbose get saving 7zip-bin-linux to C:\Users\Administrator\AppData\Roaming\npm-cache\registry.npmjs.org\7zip-bin-linux\.cache.json
96 verbose correctMkdir C:\Users\Administrator\AppData\Roaming\npm-cache correctMkdir not in flight; initializing
97 silly resolveWithNewModule 7zip-bin-linux@1.2.0 checking installable status
98 silly loadAllDepsIntoIdealTree Finishing
99 silly loadIdealTree Finishing
100 silly currentTree i1000@1.0.0
100 silly currentTree +-- 7zip-bin-win@2.1.1
100 silly currentTree +-- 7zip-bin@2.3.4
100 silly currentTree +-- ajv-keywords@2.1.1
100 silly currentTree +-- ajv@5.5.1
100 silly currentTree +-- ansi-align@2.0.0
100 silly currentTree | +-- ansi-regex@3.0.0
100 silly currentTree | +-- is-fullwidth-code-point@2.0.0
100 silly currentTree | +-- string-width@2.1.1
100 silly currentTree | `-- strip-ansi@4.0.0
100 silly currentTree +-- ansi-regex@2.1.1
100 silly currentTree +-- ansi-styles@3.2.0
100 silly currentTree +-- app-package-builder@1.5.3
100 silly currentTree +-- aproba@1.2.0
100 silly currentTree +-- are-we-there-yet@1.1.4
100 silly currentTree +-- argparse@1.0.9
100 silly currentTree +-- array-find-index@1.0.2
100 silly currentTree +-- asar-integrity@0.2.3
100 silly currentTree +-- asn1@0.2.3
100 silly currentTree +-- assert-plus@1.0.0
100 silly currentTree +-- async-exit-hook@2.0.1
100 silly currentTree +-- asynckit@0.4.0
100 silly currentTree +-- aws-sign2@0.7.0
100 silly currentTree +-- aws4@1.6.0
100 silly currentTree +-- balanced-match@1.0.0
100 silly currentTree +-- base64-js@1.2.0
100 silly currentTree +-- bcrypt-pbkdf@1.0.1
100 silly currentTree +-- bindings@1.3.0
100 silly currentTree +-- bl@1.2.1
100 silly currentTree +-- bluebird-lst@1.0.5
100 silly currentTree +-- bluebird@3.5.1
100 silly currentTree +-- boom@4.3.1
100 silly currentTree +-- boxen@1.3.0
100 silly currentTree | +-- ansi-regex@3.0.0
100 silly currentTree | +-- camelcase@4.1.0
100 silly currentTree | +-- is-fullwidth-code-point@2.0.0
100 silly currentTree | +-- string-width@2.1.1
100 silly currentTree | `-- strip-ansi@4.0.0
100 silly currentTree +-- brace-expansion@1.1.8
100 silly currentTree +-- builder-util-runtime@3.3.1
100 silly currentTree +-- builder-util@3.4.4
100 silly currentTree +-- builtin-modules@1.1.1
100 silly currentTree +-- camelcase-keys@2.1.0
100 silly currentTree +-- camelcase@2.1.1
100 silly currentTree +-- capture-stack-trace@1.0.0
100 silly currentTree +-- caseless@0.12.0
100 silly currentTree +-- chalk@2.3.0
100 silly currentTree +-- chownr@1.0.1
100 silly currentTree +-- chromium-pickle-js@0.2.0
100 silly currentTree +-- ci-info@1.1.2
100 silly currentTree +-- cli-boxes@1.0.0
100 silly currentTree +-- cliui@3.2.0
100 silly currentTree +-- co@4.6.0
100 silly currentTree +-- code-point-at@1.1.0
100 silly currentTree +-- color-convert@1.9.1
100 silly currentTree +-- color-name@1.1.3
100 silly currentTree +-- combined-stream@1.0.5
100 silly currentTree +-- compare-version@0.1.2
100 silly currentTree +-- concat-map@0.0.1
100 silly currentTree +-- configstore@3.1.1
100 silly currentTree +-- console-control-strings@1.1.0
100 silly currentTree +-- core-util-is@1.0.2
100 silly currentTree +-- create-error-class@3.0.2
100 silly currentTree +-- cross-spawn@5.1.0
100 silly currentTree +-- cryptiles@3.1.2
100 silly currentTree | `-- boom@5.2.0
100 silly currentTree +-- crypto-random-string@1.0.0
100 silly currentTree +-- currently-unhandled@0.4.1
100 silly currentTree +-- dashdash@1.14.1
100 silly currentTree +-- debug@3.1.0
100 silly currentTree +-- decamelize@1.2.0
100 silly currentTree +-- deep-extend@0.4.2
100 silly currentTree +-- delayed-stream@1.0.0
100 silly currentTree +-- delegates@1.0.0
100 silly currentTree +-- dmg-builder@2.1.8
100 silly currentTree +-- dot-prop@4.2.0
100 silly currentTree +-- dotenv-expand@4.0.1
100 silly currentTree +-- dotenv@4.0.0
100 silly currentTree +-- duplexer3@0.1.4
100 silly currentTree +-- ecc-jsbn@0.1.1
100 silly currentTree +-- ejs@2.5.7
100 silly currentTree +-- electron-builder-lib@19.48.3
100 silly currentTree +-- electron-builder@19.48.3
100 silly currentTree +-- electron-download-tf@4.3.4
100 silly currentTree +-- electron-osx-sign@0.4.7
100 silly currentTree | `-- debug@2.6.9
100 silly currentTree +-- electron-publish@19.46.5
100 silly currentTree +-- end-of-stream@1.4.0
100 silly currentTree +-- env-paths@1.0.0
100 silly currentTree +-- error-ex@1.3.1
100 silly currentTree +-- escape-string-regexp@1.0.5
100 silly currentTree +-- esprima@4.0.0
100 silly currentTree +-- execa@0.7.0
100 silly currentTree +-- expand-template@1.1.0
100 silly currentTree +-- extend@3.0.1
100 silly currentTree +-- extsprintf@1.3.0
100 silly currentTree +-- fast-deep-equal@1.0.0
100 silly currentTree +-- fast-json-stable-stringify@2.0.0
100 silly currentTree +-- find-up@1.1.2
100 silly currentTree | `-- path-exists@2.1.0
100 silly currentTree +-- forever-agent@0.6.1
100 silly currentTree +-- form-data@2.3.1
100 silly currentTree +-- fs-extra-p@4.4.5
100 silly currentTree +-- fs-extra@4.0.3
100 silly currentTree +-- gauge@2.7.4
100 silly currentTree +-- get-caller-file@1.0.2
100 silly currentTree +-- get-stdin@4.0.1
100 silly currentTree +-- get-stream@3.0.0
100 silly currentTree +-- getpass@0.1.7
100 silly currentTree +-- github-from-package@0.0.0
100 silly currentTree +-- global-dirs@0.1.1
100 silly currentTree +-- got@6.7.1
100 silly currentTree | `-- unzip-response@2.0.1
100 silly currentTree +-- graceful-fs@4.1.11
100 silly currentTree +-- har-schema@2.0.0
100 silly currentTree +-- har-validator@5.0.3
100 silly currentTree +-- has-flag@2.0.0
100 silly currentTree +-- has-unicode@2.0.1
100 silly currentTree +-- hawk@6.0.2
100 silly currentTree +-- hoek@4.2.0
100 silly currentTree +-- hosted-git-info@2.5.0
100 silly currentTree +-- http-signature@1.2.0
100 silly currentTree +-- iconv-lite@0.4.19
100 silly currentTree +-- import-lazy@2.1.0
100 silly currentTree +-- imurmurhash@0.1.4
100 silly currentTree +-- indent-string@2.1.0
100 silly currentTree +-- inherits@2.0.3
100 silly currentTree +-- ini@1.3.5
100 silly currentTree +-- int64-buffer@0.1.10
100 silly currentTree +-- invert-kv@1.0.0
100 silly currentTree +-- is-arrayish@0.2.1
100 silly currentTree +-- is-builtin-module@1.0.0
100 silly currentTree +-- is-ci@1.0.10
100 silly currentTree +-- is-finite@1.0.2
100 silly currentTree +-- is-fullwidth-code-point@1.0.0
100 silly currentTree +-- is-installed-globally@0.1.0
100 silly currentTree +-- is-npm@1.0.0
100 silly currentTree +-- is-obj@1.0.1
100 silly currentTree +-- is-path-inside@1.0.1
100 silly currentTree +-- is-redirect@1.0.0
100 silly currentTree +-- is-retry-allowed@1.1.0
100 silly currentTree +-- is-stream@1.1.0
100 silly currentTree +-- is-typedarray@1.0.0
100 silly currentTree +-- is-utf8@0.2.1
100 silly currentTree +-- isarray@1.0.0
100 silly currentTree +-- isbinaryfile@3.0.2
100 silly currentTree +-- isexe@2.0.0
100 silly currentTree +-- isstream@0.1.2
100 silly currentTree +-- js-yaml@3.10.0
100 silly currentTree +-- jsbn@0.1.1
100 silly currentTree +-- json-schema-traverse@0.3.1
100 silly currentTree +-- json-schema@0.2.3
100 silly currentTree +-- json-stringify-safe@5.0.1
100 silly currentTree +-- json5@0.5.1
100 silly currentTree +-- jsonfile@4.0.0
100 silly currentTree +-- jsprim@1.4.1
100 silly currentTree +-- latest-version@3.1.0
100 silly currentTree +-- lazy-val@1.0.3
100 silly currentTree +-- lcid@1.0.0
100 silly currentTree +-- load-json-file@1.1.0
100 silly currentTree +-- locate-path@2.0.0
100 silly currentTree +-- lodash.toarray@4.4.0
100 silly currentTree +-- loud-rejection@1.6.0
100 silly currentTree +-- lowercase-keys@1.0.0
100 silly currentTree +-- lru-cache@4.1.1
100 silly currentTree +-- make-dir@1.1.0
100 silly currentTree | `-- pify@3.0.0
100 silly currentTree +-- map-obj@1.0.1
100 silly currentTree +-- mem@1.1.0
100 silly currentTree +-- meow@3.7.0
100 silly currentTree +-- mime-db@1.30.0
100 silly currentTree +-- mime-types@2.1.17
100 silly currentTree +-- mime@2.0.3
100 silly currentTree +-- mimic-fn@1.1.0
100 silly currentTree +-- minimatch@3.0.4
100 silly currentTree +-- minimist@1.2.0
100 silly currentTree +-- mkdirp@0.5.1
100 silly currentTree | `-- minimist@0.0.8
100 silly currentTree +-- ms@2.0.0
100 silly currentTree +-- nan@2.8.0
100 silly currentTree +-- node-abi@2.1.2
100 silly currentTree +-- node-emoji@1.8.1
100 silly currentTree +-- noop-logger@0.1.1
100 silly currentTree +-- normalize-package-data@2.4.0
100 silly currentTree +-- npm-run-path@2.0.2
100 silly currentTree +-- npmlog@4.1.2
100 silly currentTree +-- nugget@2.0.1
100 silly currentTree | `-- debug@2.6.9
100 silly currentTree +-- number-is-nan@1.0.1
100 silly currentTree +-- oauth-sign@0.8.2
100 silly currentTree +-- object-assign@4.1.1
100 silly currentTree +-- object-keys@0.4.0
100 silly currentTree +-- once@1.4.0
100 silly currentTree +-- os-homedir@1.0.2
100 silly currentTree +-- os-locale@2.1.0
100 silly currentTree +-- p-finally@1.0.0
100 silly currentTree +-- p-limit@1.1.0
100 silly currentTree +-- p-locate@2.0.0
100 silly currentTree +-- package-json@4.0.1
100 silly currentTree +-- parse-color@1.0.0
100 silly currentTree | `-- color-convert@0.5.3
100 silly currentTree +-- parse-json@2.2.0
100 silly currentTree +-- path-exists@3.0.0
100 silly currentTree +-- path-is-inside@1.0.2
100 silly currentTree +-- path-key@2.0.1
100 silly currentTree +-- path-type@1.1.0
100 silly currentTree +-- performance-now@2.1.0
100 silly currentTree +-- pify@2.3.0
100 silly currentTree +-- pinkie-promise@2.0.1
100 silly currentTree +-- pinkie@2.0.4
100 silly currentTree +-- plist@2.1.0
100 silly currentTree +-- prebuild-install@2.4.1
100 silly currentTree +-- prepend-http@1.0.4
100 silly currentTree +-- pretty-bytes@1.0.4
100 silly currentTree +-- process-nextick-args@1.0.7
100 silly currentTree +-- progress-stream@1.2.0
100 silly currentTree +-- pseudomap@1.0.2
100 silly currentTree +-- pump@1.0.3
100 silly currentTree +-- punycode@1.4.1
100 silly currentTree +-- qs@6.5.1
100 silly currentTree +-- rabin-bindings@1.7.4
100 silly currentTree +-- rc@1.2.2
100 silly currentTree +-- read-config-file@1.2.1
100 silly currentTree +-- read-pkg-up@1.0.1
100 silly currentTree +-- read-pkg@1.1.0
100 silly currentTree +-- readable-stream@2.3.3
100 silly currentTree +-- redent@1.0.0
100 silly currentTree +-- registry-auth-token@3.3.1
100 silly currentTree +-- registry-url@3.1.0
100 silly currentTree +-- repeating@2.0.1
100 silly currentTree +-- request@2.83.0
100 silly currentTree +-- require-directory@2.1.1
100 silly currentTree +-- require-main-filename@1.0.1
100 silly currentTree +-- safe-buffer@5.1.1
100 silly currentTree +-- sanitize-filename@1.6.1
100 silly currentTree +-- sax@1.2.4
100 silly currentTree +-- semver-diff@2.1.0
100 silly currentTree +-- semver@5.4.1
100 silly currentTree +-- set-blocking@2.0.0
100 silly currentTree +-- shebang-command@1.2.0
100 silly currentTree +-- shebang-regex@1.0.0
100 silly currentTree +-- signal-exit@3.0.2
100 silly currentTree +-- simple-get@1.4.3
100 silly currentTree +-- single-line-log@1.1.2
100 silly currentTree +-- sntp@2.1.0
100 silly currentTree +-- source-map-support@0.5.0
100 silly currentTree +-- source-map@0.6.1
100 silly currentTree +-- spdx-correct@1.0.2
100 silly currentTree +-- spdx-expression-parse@1.0.4
100 silly currentTree +-- spdx-license-ids@1.2.2
100 silly currentTree +-- speedometer@0.1.4
100 silly currentTree +-- sprintf-js@1.0.3
100 silly currentTree +-- sshpk@1.13.1
100 silly currentTree +-- stat-mode@0.2.2
100 silly currentTree +-- string_decoder@1.0.3
100 silly currentTree +-- string-width@1.0.2
100 silly currentTree +-- stringstream@0.0.5
100 silly currentTree +-- strip-ansi@3.0.1
100 silly currentTree +-- strip-bom@2.0.0
100 silly currentTree +-- strip-eof@1.0.0
100 silly currentTree +-- strip-indent@1.0.1
100 silly currentTree +-- strip-json-comments@2.0.1
100 silly currentTree +-- sumchecker@2.0.2
100 silly currentTree | `-- debug@2.6.9
100 silly currentTree +-- supports-color@4.5.0
100 silly currentTree +-- tar-fs@1.16.0
100 silly currentTree +-- tar-stream@1.5.5
100 silly currentTree +-- temp-file@3.0.0
100 silly currentTree +-- term-size@1.2.0
100 silly currentTree +-- throttleit@0.0.2
100 silly currentTree +-- through2@0.2.3
100 silly currentTree | +-- isarray@0.0.1
100 silly currentTree | +-- readable-stream@1.1.14
100 silly currentTree | +-- string_decoder@0.10.31
100 silly currentTree | `-- xtend@2.1.2
100 silly currentTree +-- timed-out@4.0.1
100 silly currentTree +-- tough-cookie@2.3.3
100 silly currentTree +-- trim-newlines@1.0.0
100 silly currentTree +-- truncate-utf8-bytes@1.0.2
100 silly currentTree +-- tunnel-agent@0.6.0
100 silly currentTree +-- tweetnacl@0.14.5
100 silly currentTree +-- unique-string@1.0.0
100 silly currentTree +-- universalify@0.1.1
100 silly currentTree +-- unzip-response@1.0.2
100 silly currentTree +-- update-notifier@2.3.0
100 silly currentTree +-- url-parse-lax@1.0.0
100 silly currentTree +-- utf8-byte-length@1.0.4
100 silly currentTree +-- util-deprecate@1.0.2
100 silly currentTree +-- uuid@3.1.0
100 silly currentTree +-- validate-npm-package-license@3.0.1
100 silly currentTree +-- verror@1.10.0
100 silly currentTree +-- which-module@2.0.0
100 silly currentTree +-- which@1.3.0
100 silly currentTree +-- wide-align@1.1.2
100 silly currentTree +-- widest-line@2.0.0
100 silly currentTree | +-- ansi-regex@3.0.0
100 silly currentTree | +-- is-fullwidth-code-point@2.0.0
100 silly currentTree | +-- string-width@2.1.1
100 silly currentTree | `-- strip-ansi@4.0.0
100 silly currentTree +-- wrap-ansi@2.1.0
100 silly currentTree +-- wrappy@1.0.2
100 silly currentTree +-- write-file-atomic@2.3.0
100 silly currentTree +-- xdg-basedir@3.0.0
100 silly currentTree +-- xmlbuilder@8.2.2
100 silly currentTree +-- xmldom@0.1.27
100 silly currentTree +-- xtend@4.0.1
100 silly currentTree +-- y18n@3.2.1
100 silly currentTree +-- yallist@2.1.2
100 silly currentTree +-- yargs-parser@8.0.0
100 silly currentTree | `-- camelcase@4.1.0
100 silly currentTree `-- yargs@10.0.3
100 silly currentTree   +-- ansi-regex@3.0.0
100 silly currentTree   +-- find-up@2.1.0
100 silly currentTree   +-- is-fullwidth-code-point@2.0.0
100 silly currentTree   +-- string-width@2.1.1
100 silly currentTree   `-- strip-ansi@4.0.0
101 silly idealTree i1000@1.0.0
101 silly idealTree +-- 7zip-bin-win@2.1.1
101 silly idealTree +-- 7zip-bin@2.3.4
101 silly idealTree +-- ajv-keywords@2.1.1
101 silly idealTree +-- ajv@5.5.1
101 silly idealTree +-- ansi-align@2.0.0
101 silly idealTree | +-- ansi-regex@3.0.0
101 silly idealTree | +-- is-fullwidth-code-point@2.0.0
101 silly idealTree | +-- string-width@2.1.1
101 silly idealTree | `-- strip-ansi@4.0.0
101 silly idealTree +-- ansi-regex@2.1.1
101 silly idealTree +-- ansi-styles@3.2.0
101 silly idealTree +-- app-package-builder@1.5.3
101 silly idealTree +-- aproba@1.2.0
101 silly idealTree +-- are-we-there-yet@1.1.4
101 silly idealTree +-- argparse@1.0.9
101 silly idealTree +-- array-find-index@1.0.2
101 silly idealTree +-- asar-integrity@0.2.3
101 silly idealTree +-- asn1@0.2.3
101 silly idealTree +-- assert-plus@1.0.0
101 silly idealTree +-- async-exit-hook@2.0.1
101 silly idealTree +-- asynckit@0.4.0
101 silly idealTree +-- aws-sign2@0.7.0
101 silly idealTree +-- aws4@1.6.0
101 silly idealTree +-- balanced-match@1.0.0
101 silly idealTree +-- base64-js@1.2.0
101 silly idealTree +-- bcrypt-pbkdf@1.0.1
101 silly idealTree +-- bindings@1.3.0
101 silly idealTree +-- bl@1.2.1
101 silly idealTree +-- bluebird-lst@1.0.5
101 silly idealTree +-- bluebird@3.5.1
101 silly idealTree +-- boom@4.3.1
101 silly idealTree +-- boxen@1.3.0
101 silly idealTree | +-- ansi-regex@3.0.0
101 silly idealTree | +-- camelcase@4.1.0
101 silly idealTree | +-- is-fullwidth-code-point@2.0.0
101 silly idealTree | +-- string-width@2.1.1
101 silly idealTree | `-- strip-ansi@4.0.0
101 silly idealTree +-- brace-expansion@1.1.8
101 silly idealTree +-- builder-util-runtime@3.3.1
101 silly idealTree +-- builder-util@3.4.4
101 silly idealTree +-- builtin-modules@1.1.1
101 silly idealTree +-- camelcase-keys@2.1.0
101 silly idealTree +-- camelcase@2.1.1
101 silly idealTree +-- cap@0.1.2
101 silly idealTree +-- capture-stack-trace@1.0.0
101 silly idealTree +-- caseless@0.12.0
101 silly idealTree +-- chalk@2.3.0
101 silly idealTree +-- chownr@1.0.1
101 silly idealTree +-- chromium-pickle-js@0.2.0
101 silly idealTree +-- ci-info@1.1.2
101 silly idealTree +-- cli-boxes@1.0.0
101 silly idealTree +-- cliui@3.2.0
101 silly idealTree +-- co@4.6.0
101 silly idealTree +-- code-point-at@1.1.0
101 silly idealTree +-- color-convert@1.9.1
101 silly idealTree +-- color-name@1.1.3
101 silly idealTree +-- combined-stream@1.0.5
101 silly idealTree +-- compare-version@0.1.2
101 silly idealTree +-- concat-map@0.0.1
101 silly idealTree +-- configstore@3.1.1
101 silly idealTree +-- console-control-strings@1.1.0
101 silly idealTree +-- core-util-is@1.0.2
101 silly idealTree +-- create-error-class@3.0.2
101 silly idealTree +-- cross-spawn@5.1.0
101 silly idealTree +-- cryptiles@3.1.2
101 silly idealTree | `-- boom@5.2.0
101 silly idealTree +-- crypto-random-string@1.0.0
101 silly idealTree +-- currently-unhandled@0.4.1
101 silly idealTree +-- dashdash@1.14.1
101 silly idealTree +-- debug@3.1.0
101 silly idealTree +-- decamelize@1.2.0
101 silly idealTree +-- deep-extend@0.4.2
101 silly idealTree +-- delayed-stream@1.0.0
101 silly idealTree +-- delegates@1.0.0
101 silly idealTree +-- dmg-builder@2.1.8
101 silly idealTree +-- dot-prop@4.2.0
101 silly idealTree +-- dotenv-expand@4.0.1
101 silly idealTree +-- dotenv@4.0.0
101 silly idealTree +-- duplexer3@0.1.4
101 silly idealTree +-- ecc-jsbn@0.1.1
101 silly idealTree +-- ejs@2.5.7
101 silly idealTree +-- electron-builder-lib@19.48.3
101 silly idealTree +-- electron-builder@19.48.3
101 silly idealTree +-- electron-download-tf@4.3.4
101 silly idealTree +-- electron-osx-sign@0.4.7
101 silly idealTree | `-- debug@2.6.9
101 silly idealTree +-- electron-publish@19.46.5
101 silly idealTree +-- end-of-stream@1.4.0
101 silly idealTree +-- env-paths@1.0.0
101 silly idealTree +-- error-ex@1.3.1
101 silly idealTree +-- escape-string-regexp@1.0.5
101 silly idealTree +-- esprima@4.0.0
101 silly idealTree +-- execa@0.7.0
101 silly idealTree +-- expand-template@1.1.0
101 silly idealTree +-- extend@3.0.1
101 silly idealTree +-- extsprintf@1.3.0
101 silly idealTree +-- fast-deep-equal@1.0.0
101 silly idealTree +-- fast-json-stable-stringify@2.0.0
101 silly idealTree +-- find-up@1.1.2
101 silly idealTree | `-- path-exists@2.1.0
101 silly idealTree +-- forever-agent@0.6.1
101 silly idealTree +-- form-data@2.3.1
101 silly idealTree +-- fs-extra-p@4.4.5
101 silly idealTree +-- fs-extra@4.0.3
101 silly idealTree +-- gauge@2.7.4
101 silly idealTree +-- get-caller-file@1.0.2
101 silly idealTree +-- get-stdin@4.0.1
101 silly idealTree +-- get-stream@3.0.0
101 silly idealTree +-- getpass@0.1.7
101 silly idealTree +-- github-from-package@0.0.0
101 silly idealTree +-- global-dirs@0.1.1
101 silly idealTree +-- got@6.7.1
101 silly idealTree | `-- unzip-response@2.0.1
101 silly idealTree +-- graceful-fs@4.1.11
101 silly idealTree +-- har-schema@2.0.0
101 silly idealTree +-- har-validator@5.0.3
101 silly idealTree +-- has-flag@2.0.0
101 silly idealTree +-- has-unicode@2.0.1
101 silly idealTree +-- hawk@6.0.2
101 silly idealTree +-- hoek@4.2.0
101 silly idealTree +-- hosted-git-info@2.5.0
101 silly idealTree +-- http-signature@1.2.0
101 silly idealTree +-- iconv-lite@0.4.19
101 silly idealTree +-- import-lazy@2.1.0
101 silly idealTree +-- imurmurhash@0.1.4
101 silly idealTree +-- indent-string@2.1.0
101 silly idealTree +-- inherits@2.0.3
101 silly idealTree +-- ini@1.3.5
101 silly idealTree +-- int64-buffer@0.1.10
101 silly idealTree +-- invert-kv@1.0.0
101 silly idealTree +-- is-arrayish@0.2.1
101 silly idealTree +-- is-builtin-module@1.0.0
101 silly idealTree +-- is-ci@1.0.10
101 silly idealTree +-- is-finite@1.0.2
101 silly idealTree +-- is-fullwidth-code-point@1.0.0
101 silly idealTree +-- is-installed-globally@0.1.0
101 silly idealTree +-- is-npm@1.0.0
101 silly idealTree +-- is-obj@1.0.1
101 silly idealTree +-- is-path-inside@1.0.1
101 silly idealTree +-- is-redirect@1.0.0
101 silly idealTree +-- is-retry-allowed@1.1.0
101 silly idealTree +-- is-stream@1.1.0
101 silly idealTree +-- is-typedarray@1.0.0
101 silly idealTree +-- is-utf8@0.2.1
101 silly idealTree +-- isarray@1.0.0
101 silly idealTree +-- isbinaryfile@3.0.2
101 silly idealTree +-- isexe@2.0.0
101 silly idealTree +-- isstream@0.1.2
101 silly idealTree +-- js-yaml@3.10.0
101 silly idealTree +-- jsbn@0.1.1
101 silly idealTree +-- json-schema-traverse@0.3.1
101 silly idealTree +-- json-schema@0.2.3
101 silly idealTree +-- json-stringify-safe@5.0.1
101 silly idealTree +-- json5@0.5.1
101 silly idealTree +-- jsonfile@4.0.0
101 silly idealTree +-- jsprim@1.4.1
101 silly idealTree +-- latest-version@3.1.0
101 silly idealTree +-- lazy-val@1.0.3
101 silly idealTree +-- lcid@1.0.0
101 silly idealTree +-- load-json-file@1.1.0
101 silly idealTree +-- locate-path@2.0.0
101 silly idealTree +-- lodash.toarray@4.4.0
101 silly idealTree +-- loud-rejection@1.6.0
101 silly idealTree +-- lowercase-keys@1.0.0
101 silly idealTree +-- lru-cache@4.1.1
101 silly idealTree +-- make-dir@1.1.0
101 silly idealTree | `-- pify@3.0.0
101 silly idealTree +-- map-obj@1.0.1
101 silly idealTree +-- mem@1.1.0
101 silly idealTree +-- meow@3.7.0
101 silly idealTree +-- mime-db@1.30.0
101 silly idealTree +-- mime-types@2.1.17
101 silly idealTree +-- mime@2.0.3
101 silly idealTree +-- mimic-fn@1.1.0
101 silly idealTree +-- minimatch@3.0.4
101 silly idealTree +-- minimist@1.2.0
101 silly idealTree +-- mkdirp@0.5.1
101 silly idealTree | `-- minimist@0.0.8
101 silly idealTree +-- ms@2.0.0
101 silly idealTree +-- nan@2.8.0
101 silly idealTree +-- node-abi@2.1.2
101 silly idealTree +-- node-emoji@1.8.1
101 silly idealTree +-- noop-logger@0.1.1
101 silly idealTree +-- normalize-package-data@2.4.0
101 silly idealTree +-- npm-run-path@2.0.2
101 silly idealTree +-- npmlog@4.1.2
101 silly idealTree +-- nugget@2.0.1
101 silly idealTree | `-- debug@2.6.9
101 silly idealTree +-- number-is-nan@1.0.1
101 silly idealTree +-- oauth-sign@0.8.2
101 silly idealTree +-- object-assign@4.1.1
101 silly idealTree +-- object-keys@0.4.0
101 silly idealTree +-- once@1.4.0
101 silly idealTree +-- os-homedir@1.0.2
101 silly idealTree +-- os-locale@2.1.0
101 silly idealTree +-- p-finally@1.0.0
101 silly idealTree +-- p-limit@1.1.0
101 silly idealTree +-- p-locate@2.0.0
101 silly idealTree +-- package-json@4.0.1
101 silly idealTree +-- parse-color@1.0.0
101 silly idealTree | `-- color-convert@0.5.3
101 silly idealTree +-- parse-json@2.2.0
101 silly idealTree +-- path-exists@3.0.0
101 silly idealTree +-- path-is-inside@1.0.2
101 silly idealTree +-- path-key@2.0.1
101 silly idealTree +-- path-type@1.1.0
101 silly idealTree +-- performance-now@2.1.0
101 silly idealTree +-- pify@2.3.0
101 silly idealTree +-- pinkie-promise@2.0.1
101 silly idealTree +-- pinkie@2.0.4
101 silly idealTree +-- plist@2.1.0
101 silly idealTree +-- prebuild-install@2.4.1
101 silly idealTree +-- prepend-http@1.0.4
101 silly idealTree +-- pretty-bytes@1.0.4
101 silly idealTree +-- process-nextick-args@1.0.7
101 silly idealTree +-- progress-stream@1.2.0
101 silly idealTree +-- pseudomap@1.0.2
101 silly idealTree +-- pump@1.0.3
101 silly idealTree +-- punycode@1.4.1
101 silly idealTree +-- qs@6.5.1
101 silly idealTree +-- rabin-bindings@1.7.4
101 silly idealTree +-- rc@1.2.2
101 silly idealTree +-- read-config-file@1.2.1
101 silly idealTree +-- read-pkg-up@1.0.1
101 silly idealTree +-- read-pkg@1.1.0
101 silly idealTree +-- readable-stream@2.3.3
101 silly idealTree +-- redent@1.0.0
101 silly idealTree +-- registry-auth-token@3.3.1
101 silly idealTree +-- registry-url@3.1.0
101 silly idealTree +-- repeating@2.0.1
101 silly idealTree +-- request@2.83.0
101 silly idealTree +-- require-directory@2.1.1
101 silly idealTree +-- require-main-filename@1.0.1
101 silly idealTree +-- safe-buffer@5.1.1
101 silly idealTree +-- sanitize-filename@1.6.1
101 silly idealTree +-- sax@1.2.4
101 silly idealTree +-- semver-diff@2.1.0
101 silly idealTree +-- semver@5.4.1
101 silly idealTree +-- set-blocking@2.0.0
101 silly idealTree +-- shebang-command@1.2.0
101 silly idealTree +-- shebang-regex@1.0.0
101 silly idealTree +-- signal-exit@3.0.2
101 silly idealTree +-- simple-get@1.4.3
101 silly idealTree +-- single-line-log@1.1.2
101 silly idealTree +-- sntp@2.1.0
101 silly idealTree +-- source-map-support@0.5.0
101 silly idealTree +-- source-map@0.6.1
101 silly idealTree +-- spdx-correct@1.0.2
101 silly idealTree +-- spdx-expression-parse@1.0.4
101 silly idealTree +-- spdx-license-ids@1.2.2
101 silly idealTree +-- speedometer@0.1.4
101 silly idealTree +-- sprintf-js@1.0.3
101 silly idealTree +-- sshpk@1.13.1
101 silly idealTree +-- stat-mode@0.2.2
101 silly idealTree +-- string_decoder@1.0.3
101 silly idealTree +-- string-width@1.0.2
101 silly idealTree +-- stringstream@0.0.5
101 silly idealTree +-- strip-ansi@3.0.1
101 silly idealTree +-- strip-bom@2.0.0
101 silly idealTree +-- strip-eof@1.0.0
101 silly idealTree +-- strip-indent@1.0.1
101 silly idealTree +-- strip-json-comments@2.0.1
101 silly idealTree +-- sumchecker@2.0.2
101 silly idealTree | `-- debug@2.6.9
101 silly idealTree +-- supports-color@4.5.0
101 silly idealTree +-- tar-fs@1.16.0
101 silly idealTree +-- tar-stream@1.5.5
101 silly idealTree +-- temp-file@3.0.0
101 silly idealTree +-- term-size@1.2.0
101 silly idealTree +-- throttleit@0.0.2
101 silly idealTree +-- through2@0.2.3
101 silly idealTree | +-- isarray@0.0.1
101 silly idealTree | +-- readable-stream@1.1.14
101 silly idealTree | +-- string_decoder@0.10.31
101 silly idealTree | `-- xtend@2.1.2
101 silly idealTree +-- timed-out@4.0.1
101 silly idealTree +-- tough-cookie@2.3.3
101 silly idealTree +-- trim-newlines@1.0.0
101 silly idealTree +-- truncate-utf8-bytes@1.0.2
101 silly idealTree +-- tunnel-agent@0.6.0
101 silly idealTree +-- tweetnacl@0.14.5
101 silly idealTree +-- unique-string@1.0.0
101 silly idealTree +-- universalify@0.1.1
101 silly idealTree +-- unzip-response@1.0.2
101 silly idealTree +-- update-notifier@2.3.0
101 silly idealTree +-- url-parse-lax@1.0.0
101 silly idealTree +-- utf8-byte-length@1.0.4
101 silly idealTree +-- util-deprecate@1.0.2
101 silly idealTree +-- uuid@3.1.0
101 silly idealTree +-- validate-npm-package-license@3.0.1
101 silly idealTree +-- verror@1.10.0
101 silly idealTree +-- which-module@2.0.0
101 silly idealTree +-- which@1.3.0
101 silly idealTree +-- wide-align@1.1.2
101 silly idealTree +-- widest-line@2.0.0
101 silly idealTree | +-- ansi-regex@3.0.0
101 silly idealTree | +-- is-fullwidth-code-point@2.0.0
101 silly idealTree | +-- string-width@2.1.1
101 silly idealTree | `-- strip-ansi@4.0.0
101 silly idealTree +-- wrap-ansi@2.1.0
101 silly idealTree +-- wrappy@1.0.2
101 silly idealTree +-- write-file-atomic@2.3.0
101 silly idealTree +-- xdg-basedir@3.0.0
101 silly idealTree +-- xmlbuilder@8.2.2
101 silly idealTree +-- xmldom@0.1.27
101 silly idealTree +-- xtend@4.0.1
101 silly idealTree +-- y18n@3.2.1
101 silly idealTree +-- yallist@2.1.2
101 silly idealTree +-- yargs-parser@8.0.0
101 silly idealTree | `-- camelcase@4.1.0
101 silly idealTree `-- yargs@10.0.3
101 silly idealTree   +-- ansi-regex@3.0.0
101 silly idealTree   +-- find-up@2.1.0
101 silly idealTree   +-- is-fullwidth-code-point@2.0.0
101 silly idealTree   +-- string-width@2.1.1
101 silly idealTree   `-- strip-ansi@4.0.0
102 silly generateActionsToTake Starting
103 silly install generateActionsToTake
104 silly generateActionsToTake Finishing
105 silly diffTrees action count 1
106 silly diffTrees add cap@0.1.2
107 silly decomposeActions action count 8
108 silly decomposeActions fetch cap@0.1.2
109 silly decomposeActions extract cap@0.1.2
110 silly decomposeActions test cap@0.1.2
111 silly decomposeActions preinstall cap@0.1.2
112 silly decomposeActions build cap@0.1.2
113 silly decomposeActions install cap@0.1.2
114 silly decomposeActions postinstall cap@0.1.2
115 silly decomposeActions finalize cap@0.1.2
116 silly runTopLevelLifecycles Starting
117 silly executeActions Starting
118 silly install executeActions
119 silly doSerial global-install 0
120 silly doParallel fetch 1
121 verbose correctMkdir C:\Users\Administrator\AppData\Roaming\npm-cache\_locks correctMkdir not in flight; initializing
122 verbose lock using C:\Users\Administrator\AppData\Roaming\npm-cache\_locks\staging-d7bcc7fae7128090.lock for F:\program edit\node_modules\.staging
123 silly doParallel extract 1
124 silly extract cap@0.1.2
125 verbose unbuild node_modules\.staging\cap-dcb4380c
126 silly gentlyRm F:\program edit\node_modules\.staging\cap-dcb4380c is being purged from base F:\program edit
127 verbose gentlyRm don't care about contents; nuking F:\program edit\node_modules\.staging\cap-dcb4380c
128 verbose tar unpack C:\Users\Administrator\AppData\Roaming\npm-cache\cap\0.1.2\package.tgz
129 verbose tar unpacking to F:\program edit\node_modules\.staging\cap-dcb4380c
130 silly gentlyRm F:\program edit\node_modules\.staging\cap-dcb4380c is being purged
131 verbose gentlyRm don't care about contents; nuking F:\program edit\node_modules\.staging\cap-dcb4380c
132 silly gunzTarPerm modes [ '777', '666' ]
133 silly gunzTarPerm extractEntry
134 silly gunzTarPerm modified mode [ '', 509, 511 ]
135 silly gunzTarPerm extractEntry .travis.yml
136 silly gunzTarPerm modified mode [ '.travis.yml', 436, 438 ]
137 silly gunzTarPerm extractEntry LICENSE
138 silly gunzTarPerm modified mode [ 'LICENSE', 436, 438 ]
139 silly gunzTarPerm extractEntry README.md
140 silly gunzTarPerm modified mode [ 'README.md', 436, 438 ]
141 silly gunzTarPerm extractEntry appveyor.yml
142 silly gunzTarPerm modified mode [ 'appveyor.yml', 436, 438 ]
143 silly gunzTarPerm extractEntry binding.gyp
144 silly gunzTarPerm modified mode [ 'binding.gyp', 436, 438 ]
145 silly gunzTarPerm extractEntry deps/
146 silly gunzTarPerm modified mode [ 'deps/', 509, 511 ]
147 silly gunzTarPerm extractEntry deps/winpcap/
148 silly gunzTarPerm modified mode [ 'deps/winpcap/', 509, 511 ]
149 silly gunzTarPerm extractEntry deps/winpcap/Include/
150 silly gunzTarPerm modified mode [ 'deps/winpcap/Include/', 509, 511 ]
151 silly gunzTarPerm extractEntry deps/winpcap/Include/Packet32.h
152 silly gunzTarPerm modified mode [ 'deps/winpcap/Include/Packet32.h', 436, 438 ]
153 silly gunzTarPerm extractEntry deps/winpcap/Include/Win32-Extensions.h
154 silly gunzTarPerm modified mode [ 'deps/winpcap/Include/Win32-Extensions.h', 436, 438 ]
155 silly gunzTarPerm extractEntry deps/winpcap/Include/bittypes.h
156 silly gunzTarPerm modified mode [ 'deps/winpcap/Include/bittypes.h', 436, 438 ]
157 silly gunzTarPerm extractEntry deps/winpcap/Include/ip6_misc.h
158 silly gunzTarPerm modified mode [ 'deps/winpcap/Include/ip6_misc.h', 436, 438 ]
159 silly gunzTarPerm extractEntry deps/winpcap/Include/pcap-bpf.h
160 silly gunzTarPerm modified mode [ 'deps/winpcap/Include/pcap-bpf.h', 436, 438 ]
161 silly gunzTarPerm extractEntry deps/winpcap/Include/pcap-namedb.h
162 silly gunzTarPerm modified mode [ 'deps/winpcap/Include/pcap-namedb.h', 436, 438 ]
163 silly gunzTarPerm extractEntry deps/winpcap/Include/pcap-stdinc.h
164 silly gunzTarPerm modified mode [ 'deps/winpcap/Include/pcap-stdinc.h', 436, 438 ]
165 silly gunzTarPerm extractEntry deps/winpcap/Include/pcap.h
166 silly gunzTarPerm modified mode [ 'deps/winpcap/Include/pcap.h', 436, 438 ]
167 silly gunzTarPerm extractEntry deps/winpcap/Include/pcap/
168 silly gunzTarPerm modified mode [ 'deps/winpcap/Include/pcap/', 509, 511 ]
169 silly gunzTarPerm extractEntry deps/winpcap/Include/pcap/bluetooth.h
170 silly gunzTarPerm modified mode [ 'deps/winpcap/Include/pcap/bluetooth.h', 436, 438 ]
171 silly gunzTarPerm extractEntry deps/winpcap/Include/pcap/bpf.h
172 silly gunzTarPerm modified mode [ 'deps/winpcap/Include/pcap/bpf.h', 436, 438 ]
173 silly gunzTarPerm extractEntry deps/winpcap/Include/pcap/namedb.h
174 silly gunzTarPerm modified mode [ 'deps/winpcap/Include/pcap/namedb.h', 436, 438 ]
175 silly gunzTarPerm extractEntry deps/winpcap/Include/pcap/pcap.h
176 silly gunzTarPerm modified mode [ 'deps/winpcap/Include/pcap/pcap.h', 436, 438 ]
177 silly gunzTarPerm extractEntry deps/winpcap/Include/pcap/sll.h
178 silly gunzTarPerm modified mode [ 'deps/winpcap/Include/pcap/sll.h', 436, 438 ]
179 silly gunzTarPerm extractEntry deps/winpcap/Include/pcap/usb.h
180 silly gunzTarPerm modified mode [ 'deps/winpcap/Include/pcap/usb.h', 436, 438 ]
181 silly gunzTarPerm extractEntry deps/winpcap/Include/pcap/vlan.h
182 silly gunzTarPerm modified mode [ 'deps/winpcap/Include/pcap/vlan.h', 436, 438 ]
183 silly gunzTarPerm extractEntry deps/winpcap/Include/remote-ext.h
184 silly gunzTarPerm modified mode [ 'deps/winpcap/Include/remote-ext.h', 436, 438 ]
185 silly gunzTarPerm extractEntry deps/winpcap/Lib/
186 silly gunzTarPerm modified mode [ 'deps/winpcap/Lib/', 509, 511 ]
187 silly gunzTarPerm extractEntry deps/winpcap/Lib/Packet.lib
188 silly gunzTarPerm modified mode [ 'deps/winpcap/Lib/Packet.lib', 436, 438 ]
189 silly gunzTarPerm extractEntry deps/winpcap/Lib/libpacket.a
190 silly gunzTarPerm modified mode [ 'deps/winpcap/Lib/libpacket.a', 436, 438 ]
191 silly gunzTarPerm extractEntry deps/winpcap/Lib/libwpcap.a
192 silly gunzTarPerm modified mode [ 'deps/winpcap/Lib/libwpcap.a', 436, 438 ]
193 silly gunzTarPerm extractEntry deps/winpcap/Lib/wpcap.lib
194 silly gunzTarPerm modified mode [ 'deps/winpcap/Lib/wpcap.lib', 436, 438 ]
195 silly gunzTarPerm extractEntry deps/winpcap/Lib/x64/
196 silly gunzTarPerm modified mode [ 'deps/winpcap/Lib/x64/', 509, 511 ]
197 silly gunzTarPerm extractEntry deps/winpcap/Lib/x64/Packet.lib
198 silly gunzTarPerm modified mode [ 'deps/winpcap/Lib/x64/Packet.lib', 436, 438 ]
199 silly gunzTarPerm extractEntry deps/winpcap/Lib/x64/wpcap.lib
200 silly gunzTarPerm modified mode [ 'deps/winpcap/Lib/x64/wpcap.lib', 436, 438 ]
201 silly gunzTarPerm extractEntry lib/
202 silly gunzTarPerm modified mode [ 'lib/', 509, 511 ]
203 silly gunzTarPerm extractEntry lib/Cap.js
204 silly gunzTarPerm modified mode [ 'lib/Cap.js', 436, 438 ]
205 silly gunzTarPerm extractEntry lib/Decoders.js
206 silly gunzTarPerm modified mode [ 'lib/Decoders.js', 436, 438 ]
207 silly gunzTarPerm extractEntry package.json
208 silly gunzTarPerm modified mode [ 'package.json', 436, 438 ]
209 silly gunzTarPerm extractEntry src/
210 silly gunzTarPerm modified mode [ 'src/', 509, 511 ]
211 silly gunzTarPerm extractEntry src/binding.cc
212 silly gunzTarPerm modified mode [ 'src/binding.cc', 436, 438 ]
213 silly gunzTarPerm extractEntry src/windows_polyfills.h
214 silly gunzTarPerm modified mode [ 'src/windows_polyfills.h', 436, 438 ]
215 silly gunzTarPerm extractEntry test/
216 silly gunzTarPerm modified mode [ 'test/', 509, 511 ]
217 silly gunzTarPerm extractEntry test/test-capture.js
218 silly gunzTarPerm modified mode [ 'test/test-capture.js', 436, 438 ]
219 silly gunzTarPerm extractEntry test/test.js
220 silly gunzTarPerm modified mode [ 'test/test.js', 436, 438 ]
221 silly gentlyRm F:\program edit\node_modules\.staging\cap-dcb4380c\node_modules is being purged
222 verbose gentlyRm don't care about contents; nuking F:\program edit\node_modules\.staging\cap-dcb4380c\node_modules
223 silly doParallel preinstall 1
224 silly preinstall cap@0.1.2 F:\program edit\node_modules\.staging\cap-dcb4380c
225 info lifecycle cap@0.1.2~preinstall: cap@0.1.2
226 silly lifecycle cap@0.1.2~preinstall: no script for preinstall, continuing
227 silly doReverseSerial remove 0
228 silly doSerial move 0
229 silly doSerial finalize 1
230 silly finalize F:\program edit\node_modules\cap
231 silly doSerial build 1
232 silly build cap@0.1.2
233 info linkStuff cap@0.1.2
234 silly linkStuff cap@0.1.2 has F:\program edit\node_modules as its parent node_modules
235 verbose linkBins cap@0.1.2
236 verbose linkMans cap@0.1.2
237 silly doSerial global-link 0
238 silly doParallel update-linked 0
239 silly doSerial install 1
240 silly install cap@0.1.2 F:\program edit\node_modules\.staging\cap-dcb4380c
241 info lifecycle cap@0.1.2~install: cap@0.1.2
242 verbose lifecycle cap@0.1.2~install: unsafe-perm in lifecycle true
243 verbose lifecycle cap@0.1.2~install: PATH: C:\Program Files\nodejs\node_modules\npm\bin\node-gyp-bin;F:\program edit\node_modules\cap\node_modules\.bin;F:\program edit\node_modules\.bin;C:\Users\Administrator\AppData\Local\360Chrome\Chrome\Application;C:\Program Files (x86)\CodeSourcery\Sourcery G++ Lite\bin;C:\ProgramData\Oracle\Java\javapath;C:\Windows\system32;C:\Windows;C:\Windows\System32\Wbem;C:\Windows\system32\config\systemprofile\.dnx\bin;C:\Program Files\Microsoft DNX\Dnvm\;C:\Program Files (x86)\Smartio\Smartiotools\php;C:\Program Files (x86)\Smartio\Smartiotools\php\ext;C:\Program Files (x86)\Smartio\Smartiotools\Apache24\bin;C:\Users\Administrator\Documents\Visual Studio 2015\Projects\SmartioInstall\ConsoleApplication1\php;C:\Users\Administrator\Documents\Visual Studio 2015\Projects\SmartioInstall\ConsoleApplication1\php\ext;C:\Users\Administrator\Documents\Visual Studio 2015\Projects\SmartioInstall\ConsoleApplication1\Apache24\bin;E:\SmartIOInstall\php;E:\SmartIOInstall\php\ext;E:\SmartIOInstall\Apache24\bin;E:\Sourcery_CodeBench_Lite_for_ARM_GNU_Linux\bin;C:\Program Files (x86)\SmartIO\php;C:\Program Files (x86)\SmartIO\php\ext;C:\Program Files (x86)\SmartIO\Apache24\bin;C:\Program Files (x86)\CodeSourcery\Sourcery G++ Lite\bin;C:\ProgramData\Oracle\Java\javapath;C:\Windows\system32;C:\Windows;C:\Windows\System32\Wbem;C:\Windows\system32\config\systemprofile\.dnx\bin;C:\Program Files\Microsoft DNX\Dnvm\;C:\Program Files (x86)\Smartio\Smartiotools\php;C:\Program Files (x86)\Smartio\Smartiotools\php\ext;C:\Program Files (x86)\Smartio\Smartiotools\Apache24\bin;C:\Users\Administrator\Documents\Visual Studio 2015\Projects\SmartioInstall\ConsoleApplication1\php;C:\Users\Administrator\Documents\Visual Studio 2015\Projects\SmartioInstall\ConsoleApplication1\php\ext;C:\Users\Administrator\Documents\Visual Studio 2015\Projects\SmartioInstall\ConsoleApplication1\Apache24\bin;E:\SmartIOInstall\php;E:\SmartIOInstall\php\ext;E:\SmartIOInstall\Apache24\bin;E:\Sourcery_CodeBench_Lite_for_ARM_GNU_Linux\bin;C:\Program Files (x86)\SmartIO\php;C:\Program Files (x86)\SmartIO\php\ext;C:\Program Files (x86)\SmartIO\Apache24\bin;E:\Microsoft VS Code\bin;C:\Users\Administrator\AppData\Roaming\npm;E:\nodejs;C:\Program Files\nodejs\;C:\Program Files (x86)\nodejs\;C:\Program Files\Git\cmd;C:\Users\Administrator\AppData\Local\Programs\Python\Python35\Scripts\;C:\Users\Administrator\AppData\Local\Programs\Python\Python35\;C:\Program Files (x86)\CodeSourcery\Sourcery G++ Lite\bin;C:\ProgramData\Oracle\Java\javapath;C:\Windows\system32;C:\Windows;C:\Windows\System32\Wbem;C:\Windows\system32\config\systemprofile\.dnx\bin;C:\Program Files\Microsoft DNX\Dnvm\;C:\Program Files (x86)\Smartio\Smartiotools\php;C:\Program Files (x86)\Smartio\Smartiotools\php\ext;C:\Program Files (x86)\Smartio\Smartiotools\Apache24\bin;C:\Users\Administrator\Documents\Visual Studio 2015\Projects\SmartioInstall\ConsoleApplication1\php;C:\Users\Administrator\Documents\Visual Studio 2015\Projects\SmartioInstall\ConsoleApplication1\php\ext;C:\Users\Administrator\Documents\Visual Studio 2015\Projects\SmartioInstall\ConsoleApplication1\Apache24\bin;E:\SmartIOInstall\php;E:\SmartIOInstall\php\ext;E:\SmartIOInstall\Apache24\bin;E:\Sourcery_CodeBench_Lite_for_ARM_GNU_Linux\bin;;;C:\Program Files (x86)\SmartIO\php;C:\Program Files (x86)\SmartIO\php\ext;C:\Program Files (x86)\SmartIO\Apache24\bin;E:\Microsoft VS Code\bin;E:\nodejs;C:\Python27;C:\Users\Administrator\AppData\Roaming\npm
244 verbose lifecycle cap@0.1.2~install: CWD: F:\program edit\node_modules\cap
245 silly lifecycle cap@0.1.2~install: Args: [ '/d /s /c', 'node-gyp rebuild' ]
246 silly lifecycle cap@0.1.2~install: Returned: code: 1  signal: null
247 info lifecycle cap@0.1.2~install: Failed to exec install script
248 verbose unlock done using C:\Users\Administrator\AppData\Roaming\npm-cache\_locks\staging-d7bcc7fae7128090.lock for F:\program edit\node_modules\.staging
249 silly rollbackFailedOptional Starting
250 silly rollbackFailedOptional Finishing
251 silly runTopLevelLifecycles Finishing
252 silly install printInstalled
253 warn optional SKIPPING OPTIONAL DEPENDENCY: 7zip-bin-mac@^1.0.1 (node_modules\7zip-bin\node_modules\7zip-bin-mac):
254 warn notsup SKIPPING OPTIONAL DEPENDENCY: Unsupported platform for 7zip-bin-mac@1.0.1: wanted {"os":"darwin","arch":"any"} (current: {"os":"win32","arch":"ia32"})
255 verbose notsup SKIPPING OPTIONAL DEPENDENCY: Valid OS:    darwin
255 verbose notsup SKIPPING OPTIONAL DEPENDENCY: Valid Arch:  any
255 verbose notsup SKIPPING OPTIONAL DEPENDENCY: Actual OS:   win32
255 verbose notsup SKIPPING OPTIONAL DEPENDENCY: Actual Arch: ia32
256 warn optional SKIPPING OPTIONAL DEPENDENCY: 7zip-bin-linux@^1.1.0 (node_modules\7zip-bin\node_modules\7zip-bin-linux):
257 warn notsup SKIPPING OPTIONAL DEPENDENCY: Unsupported platform for 7zip-bin-linux@1.2.0: wanted {"os":"linux","arch":"any"} (current: {"os":"win32","arch":"ia32"})
258 verbose notsup SKIPPING OPTIONAL DEPENDENCY: Valid OS:    linux
258 verbose notsup SKIPPING OPTIONAL DEPENDENCY: Valid Arch:  any
258 verbose notsup SKIPPING OPTIONAL DEPENDENCY: Actual OS:   win32
258 verbose notsup SKIPPING OPTIONAL DEPENDENCY: Actual Arch: ia32
259 warn i1000@1.0.0 No description
260 verbose If you need help, you may report this error at:
260 verbose     <https://github.com/npm/npm/issues>
261 warn i1000@1.0.0 No repository field.
262 verbose If you need help, you may report this error at:
262 verbose     <https://github.com/npm/npm/issues>
263 verbose stack Error: cap@0.1.2 install: `node-gyp rebuild`
263 verbose stack Exit status 1
263 verbose stack     at EventEmitter.<anonymous> (C:\Program Files\nodejs\node_modules\npm\lib\utils\lifecycle.js:255:16)
263 verbose stack     at emitTwo (events.js:106:13)
263 verbose stack     at EventEmitter.emit (events.js:191:7)
263 verbose stack     at ChildProcess.<anonymous> (C:\Program Files\nodejs\node_modules\npm\lib\utils\spawn.js:40:14)
263 verbose stack     at emitTwo (events.js:106:13)
263 verbose stack     at ChildProcess.emit (events.js:191:7)
263 verbose stack     at maybeClose (internal/child_process.js:920:16)
263 verbose stack     at Process.ChildProcess._handle.onexit (internal/child_process.js:230:5)
264 verbose pkgid cap@0.1.2
265 verbose cwd F:\program edit
266 error Windows_NT 6.1.7601
267 error argv "C:\\Program Files (x86)\\nodejs\\node.exe" "C:\\Program Files\\nodejs\\node_modules\\npm\\bin\\npm-cli.js" "install" "cap" "--save"
268 error node v6.11.4
269 error npm  v3.10.10
270 error code ELIFECYCLE
271 error cap@0.1.2 install: `node-gyp rebuild`
271 error Exit status 1
272 error Failed at the cap@0.1.2 install script 'node-gyp rebuild'.
272 error Make sure you have the latest version of node.js and npm installed.
272 error If you do, this is most likely a problem with the cap package,
272 error not with npm itself.
272 error Tell the author that this fails on your system:
272 error     node-gyp rebuild
272 error You can get information on how to open an issue for this project with:
272 error     npm bugs cap
272 error Or if that isn't available, you can get their info via:
272 error     npm owner ls cap
272 error There is likely additional logging output above.
273 verbose exit [ 1, true ]
